<?xml version="1.0" encoding="UTF-8"?>
<testng-results skipped="0" failed="0" ignored="0" total="1" passed="1">
  <reporter-output>
  </reporter-output>
  <suite name="Default suite" duration-ms="77058" started-at="2020-12-04T14:09:03Z" finished-at="2020-12-04T14:10:20Z">
    <groups>
    </groups>
    <test name="Default test" duration-ms="77058" started-at="2020-12-04T14:09:03Z" finished-at="2020-12-04T14:10:20Z">
      <class name="com.qa.TestCases.LoginPageTest">
        <test-method status="PASS" signature="setUpBrowser()[pri:0, instance:com.qa.TestCases.LoginPageTest@7ea37dbf]" name="setUpBrowser" is-config="true" duration-ms="161" started-at="2020-12-04T19:39:03Z" finished-at="2020-12-04T19:39:03Z">
          <reporter-output>
          </reporter-output>
        </test-method> <!-- setUpBrowser -->
        <test-method status="PASS" signature="init()[pri:0, instance:com.qa.TestCases.LoginPageTest@7ea37dbf]" name="init" is-config="true" duration-ms="75724" started-at="2020-12-04T19:39:03Z" finished-at="2020-12-04T19:40:19Z">
          <reporter-output>
          </reporter-output>
        </test-method> <!-- init -->
        <test-method status="PASS" signature="loginPageTest()[pri:0, instance:com.qa.TestCases.LoginPageTest@7ea37dbf]" name="loginPageTest" duration-ms="1223" started-at="2020-12-04T19:40:19Z" finished-at="2020-12-04T19:40:20Z">
          <reporter-output>
          </reporter-output>
        </test-method> <!-- loginPageTest -->
        <test-method status="PASS" signature="tearDown()[pri:0, instance:com.qa.TestCases.LoginPageTest@7ea37dbf]" name="tearDown" is-config="true" duration-ms="0" started-at="2020-12-04T19:40:20Z" finished-at="2020-12-04T19:40:20Z">
          <reporter-output>
          </reporter-output>
        </test-method> <!-- tearDown -->
      </class> <!-- com.qa.TestCases.LoginPageTest -->
    </test> <!-- Default test -->
  </suite> <!-- Default suite -->
</testng-results>
